生成启动时间为 2017/8/17/周四 16:52:44。
     1>项目“E:\C++STL\01异常\01异常\01异常.vcxproj”在节点 2 上(Build 个目标)。
     1>ClCompile:
         H:\VS2012\VC\bin\CL.exe /c /ZI /nologo /W3 /WX- /Od /Oy- /D WIN32 /D _DEBUG /D _CONSOLE /D _UNICODE /D UNICODE /Gm /EHsc /RTC1 /MDd /GS /fp:precise /Zc:wchar_t /Zc:forScope /Fo"Debug\\" /Fd"Debug\vc110.pdb" /Gd /TP /analyze- /errorReport:prompt "源.cpp"
         源.cpp
     1>e:\c++stl\01异常\01异常\stack.h(35): warning C4172: 返回局部变量或临时变量的地址
                 e:\c++stl\01异常\01异常\stack.h(30): 编译类 模板 成员函数“const int &Stack<T>::pop(void)”时
                 with
                 [
                     T=int
                 ]
                 e:\c++stl\01异常\01异常\源.cpp(13): 参见对正在编译的函数 模板 实例化“const int &Stack<T>::pop(void)”的引用
                 with
                 [
                     T=int
                 ]
                 e:\c++stl\01异常\01异常\源.cpp(4): 参见对正在编译的类 模板 实例化“Stack<T>”的引用
                 with
                 [
                     T=int
                 ]
       Link:
         H:\VS2012\VC\bin\link.exe /ERRORREPORT:PROMPT /OUT:"E:\C++STL\01异常\Debug\01异常.exe" /INCREMENTAL /NOLOGO kernel32.lib user32.lib gdi32.lib winspool.lib comdlg32.lib advapi32.lib shell32.lib ole32.lib oleaut32.lib uuid.lib odbc32.lib odbccp32.lib /MANIFEST /MANIFESTUAC:"level='asInvoker' uiAccess='false'" /manifest:embed /DEBUG /PDB:"E:\C++STL\01异常\Debug\01异常.pdb" /SUBSYSTEM:CONSOLE /TLBID:1 /DYNAMICBASE /NXCOMPAT /IMPLIB:"E:\C++STL\01异常\Debug\01异常.lib" /MACHINE:X86 "Debug\源.obj"
         01异常.vcxproj -> E:\C++STL\01异常\Debug\01异常.exe
     1>已完成生成项目“E:\C++STL\01异常\01异常\01异常.vcxproj”(Build 个目标)的操作。

生成成功。

已用时间 00:00:00.72
