i:\c++old\c++所学\vs2005\爱心1\爱心1\debug\vc141.pdb
i:\c++old\c++所学\vs2005\爱心1\爱心1\debug\vc141.idb
i:\c++old\c++所学\vs2005\爱心1\爱心1\debug\1.obj
i:\c++old\c++所学\vs2005\爱心1\爱心1\debug\爱心1.exe.embed.manifest
i:\c++old\c++所学\vs2005\爱心1\爱心1\debug\爱心1.exe.intermediate.manifest
i:\c++old\c++所学\vs2005\爱心1\爱心1\debug\爱心1.exe.embed.manifest.res
i:\c++old\c++所学\vs2005\爱心1\爱心1\debug\vc80.idb
i:\c++old\c++所学\vs2005\爱心1\爱心1\debug\1.pdb
i:\c++old\c++所学\vs2005\爱心1\爱心1\debug\vc80.pdb
i:\c++old\c++所学\vs2005\爱心1\debug\爱心1.pdb
i:\c++old\c++所学\vs2005\爱心1\爱心1\debug\爱心1.tlog\cl.command.1.tlog
i:\c++old\c++所学\vs2005\爱心1\爱心1\debug\爱心1.tlog\cl.read.1.tlog
i:\c++old\c++所学\vs2005\爱心1\爱心1\debug\爱心1.tlog\cl.write.1.tlog
i:\c++old\c++所学\vs2005\爱心1\爱心1\debug\爱心1.tlog\link-cvtres.read.1.tlog
i:\c++old\c++所学\vs2005\爱心1\爱心1\debug\爱心1.tlog\link-cvtres.write.1.tlog
i:\c++old\c++所学\vs2005\爱心1\爱心1\debug\爱心1.tlog\link-rc.read.1.tlog
i:\c++old\c++所学\vs2005\爱心1\爱心1\debug\爱心1.tlog\link-rc.write.1.tlog
i:\c++old\c++所学\vs2005\爱心1\爱心1\debug\爱心1.tlog\link.command.1.tlog
i:\c++old\c++所学\vs2005\爱心1\爱心1\debug\爱心1.tlog\link.read.1.tlog
i:\c++old\c++所学\vs2005\爱心1\爱心1\debug\爱心1.tlog\link.write.1.tlog
