生成启动时间为 2017/9/19/周二 19:38:31。
     1>项目“E:\C++STL\22自制顺序队列\22自制顺序队列\22自制顺序队列.vcxproj”在节点 2 上(Build 个目标)。
     1>ClCompile:
         H:\VS2012\VC\bin\CL.exe /c /ZI /nologo /W3 /WX- /Od /Oy- /D WIN32 /D _DEBUG /D _CONSOLE /D _UNICODE /D UNICODE /Gm /EHsc /RTC1 /MDd /GS /fp:precise /Zc:wchar_t /Zc:forScope /Fo"Debug\\" /Fd"Debug\vc110.pdb" /Gd /TP /analyze- /errorReport:prompt main.cpp
         main.cpp
     1>h:\vs2012\vc\include\xutility(2176): warning C4996: 'std::_Copy_impl': Function call with parameters that may be unsafe - this call relies on the caller to check that the passed values are correct. To disable this warning, use -D_SCL_SECURE_NO_WARNINGS. See documentation on how to use Visual C++ 'Checked Iterators'
                 h:\vs2012\vc\include\xutility(2157) : 参见“std::_Copy_impl”的声明
                 e:\c++stl\22自制顺序队列\22自制顺序队列\myqueue.h(54): 参见对正在编译的函数 模板 实例化“_OutIt std::copy<T*,T*>(_InIt,_InIt,_OutIt)”的引用
                 with
                 [
                     _OutIt=int *,
                     T=int,
                     _InIt=int *
                 ]
                 e:\c++stl\22自制顺序队列\22自制顺序队列\myqueue.h(47): 编译类 模板 成员函数“void MyQueue<T>::Push(const T &)”时
                 with
                 [
                     T=int
                 ]
                 e:\c++stl\22自制顺序队列\22自制顺序队列\main.cpp(10): 参见对正在编译的函数 模板 实例化“void MyQueue<T>::Push(const T &)”的引用
                 with
                 [
                     T=int
                 ]
                 e:\c++stl\22自制顺序队列\22自制顺序队列\main.cpp(7): 参见对正在编译的类 模板 实例化“MyQueue<T>”的引用
                 with
                 [
                     T=int
                 ]
       Link:
         H:\VS2012\VC\bin\link.exe /ERRORREPORT:PROMPT /OUT:"E:\C++STL\22自制顺序队列\Debug\22自制顺序队列.exe" /INCREMENTAL /NOLOGO kernel32.lib user32.lib gdi32.lib winspool.lib comdlg32.lib advapi32.lib shell32.lib ole32.lib oleaut32.lib uuid.lib odbc32.lib odbccp32.lib /MANIFEST /MANIFESTUAC:"level='asInvoker' uiAccess='false'" /manifest:embed /DEBUG /PDB:"E:\C++STL\22自制顺序队列\Debug\22自制顺序队列.pdb" /SUBSYSTEM:CONSOLE /TLBID:1 /DYNAMICBASE /NXCOMPAT /IMPLIB:"E:\C++STL\22自制顺序队列\Debug\22自制顺序队列.lib" /MACHINE:X86 Debug\main.obj
         Debug\MyQueue.obj
         22自制顺序队列.vcxproj -> E:\C++STL\22自制顺序队列\Debug\22自制顺序队列.exe
     1>已完成生成项目“E:\C++STL\22自制顺序队列\22自制顺序队列\22自制顺序队列.vcxproj”(Build 个目标)的操作。

生成成功。

已用时间 00:00:00.75
