生成启动时间为 2016-1-18 23:52:30。
     1>项目“C:\Documents and Settings\Administrator\桌面\vs2005\27头文件和源文件\27头文件和源文件\27头文件和源文件.vcxproj”在节点 2 上(build 个目标)。
     1>InitializeBuildStatus:
         正在创建“Debug\27头文件和源文件.unsuccessfulbuild”，因为已指定“AlwaysCreate”。
       ClCompile:
         E:\新建文件夹 (4)\Microsoft Visual Studio 10.0\VC\bin\CL.exe /c /ZI /nologo /W3 /WX- /Od /Oy- /D WIN32 /D _DEBUG /D _CONSOLE /D _UNICODE /D UNICODE /Gm /EHsc /RTC1 /MDd /GS /fp:precise /Zc:wchar_t /Zc:forScope /Fo"Debug\\" /Fd"Debug\vc100.pdb" /Gd /TP /analyze- /errorReport:prompt 26.cpp
         26.cpp
       ManifestResourceCompile:
         所有输出均为最新。
       Link:
         E:\新建文件夹 (4)\Microsoft Visual Studio 10.0\VC\bin\link.exe /ERRORREPORT:PROMPT /OUT:"C:\Documents and Settings\Administrator\桌面\vs2005\27头文件和源文件\Debug\27头文件和源文件.exe" /INCREMENTAL /NOLOGO kernel32.lib user32.lib gdi32.lib winspool.lib comdlg32.lib advapi32.lib shell32.lib ole32.lib oleaut32.lib uuid.lib odbc32.lib odbccp32.lib /MANIFEST /ManifestFile:"Debug\27头文件和源文件.exe.intermediate.manifest" /MANIFESTUAC:"level='asInvoker' uiAccess='false'" /DEBUG /PDB:"C:\Documents and Settings\Administrator\桌面\vs2005\27头文件和源文件\Debug\27头文件和源文件.pdb" /SUBSYSTEM:CONSOLE /TLBID:1 /DYNAMICBASE /NXCOMPAT /IMPLIB:"C:\Documents and Settings\Administrator\桌面\vs2005\27头文件和源文件\Debug\27头文件和源文件.lib" /MACHINE:X86 "Debug\27头文件和源文件.exe.embed.manifest.res"
         Debug\26.obj
       Manifest:
         C:\Program Files\Microsoft SDKs\Windows\v7.0A\bin\mt.exe /nologo /verbose /out:"Debug\27头文件和源文件.exe.embed.manifest" /manifest "Debug\27头文件和源文件.exe.intermediate.manifest"
         所有输出均为最新。
       LinkEmbedManifest:
         所有输出均为最新。
         27头文件和源文件.vcxproj -> C:\Documents and Settings\Administrator\桌面\vs2005\27头文件和源文件\Debug\27头文件和源文件.exe
       FinalizeBuildStatus:
         正在删除文件“Debug\27头文件和源文件.unsuccessfulbuild”。
         正在对“Debug\27头文件和源文件.lastbuildstate”执行 Touch 任务。
     1>已完成生成项目“C:\Documents and Settings\Administrator\桌面\vs2005\27头文件和源文件\27头文件和源文件\27头文件和源文件.vcxproj”(build 个目标)的操作。

生成成功。

已用时间 00:00:02.75
