c:\documents and settings\administrator\桌面\类中成员\200》》终结《《002\200》》终结《《002\debug\vc100.pdb
c:\documents and settings\administrator\桌面\类中成员\200》》终结《《002\200》》终结《《002\debug\图书系统.obj
c:\documents and settings\administrator\桌面\类中成员\200》》终结《《002\debug\200》》终结《《002.ilk
c:\documents and settings\administrator\桌面\类中成员\200》》终结《《002\debug\200》》终结《《002.exe
c:\documents and settings\administrator\桌面\类中成员\200》》终结《《002\200》》终结《《002\debug\200》》终结《《002.exe.intermediate.manifest
c:\documents and settings\administrator\桌面\类中成员\200》》终结《《002\debug\200》》终结《《002.pdb
c:\documents and settings\administrator\桌面\类中成员\200》》终结《《002\200》》终结《《002\debug\200》》终结《《002.exe.embed.manifest
c:\documents and settings\administrator\桌面\类中成员\200》》终结《《002\200》》终结《《002\debug\200》》终结《《002.exe.embed.manifest.res
i:\c++old\c++所学\类中成员\200》》终结《《002\200》》终结《《002\debug\vc141.pdb
i:\c++old\c++所学\类中成员\200》》终结《《002\200》》终结《《002\debug\vc141.idb
i:\c++old\c++所学\类中成员\200》》终结《《002\200》》终结《《002\debug\图书系统.obj
i:\c++old\c++所学\类中成员\200》》终结《《002\200》》终结《《002\debug\cl.command.1.tlog
i:\c++old\c++所学\类中成员\200》》终结《《002\200》》终结《《002\debug\cl.read.1.tlog
i:\c++old\c++所学\类中成员\200》》终结《《002\200》》终结《《002\debug\cl.read.3.tlog
i:\c++old\c++所学\类中成员\200》》终结《《002\200》》终结《《002\debug\cl.write.1.tlog
i:\c++old\c++所学\类中成员\200》》终结《《002\200》》终结《《002\debug\link-cvtres.read.1.tlog
i:\c++old\c++所学\类中成员\200》》终结《《002\200》》终结《《002\debug\link-cvtres.write.1.tlog
i:\c++old\c++所学\类中成员\200》》终结《《002\200》》终结《《002\debug\link.command.1.tlog
i:\c++old\c++所学\类中成员\200》》终结《《002\200》》终结《《002\debug\link.read.1.tlog
i:\c++old\c++所学\类中成员\200》》终结《《002\200》》终结《《002\debug\link.read.3.tlog
i:\c++old\c++所学\类中成员\200》》终结《《002\200》》终结《《002\debug\link.write.1.tlog
i:\c++old\c++所学\类中成员\200》》终结《《002\200》》终结《《002\debug\mt.command.1.tlog
i:\c++old\c++所学\类中成员\200》》终结《《002\200》》终结《《002\debug\mt.read.1.tlog
i:\c++old\c++所学\类中成员\200》》终结《《002\200》》终结《《002\debug\mt.write.1.tlog
i:\c++old\c++所学\类中成员\200》》终结《《002\200》》终结《《002\debug\rc.command.1.tlog
i:\c++old\c++所学\类中成员\200》》终结《《002\200》》终结《《002\debug\rc.read.1.tlog
i:\c++old\c++所学\类中成员\200》》终结《《002\200》》终结《《002\debug\rc.write.1.tlog
i:\c++old\c++所学\类中成员\200》》终结《《002\200》》终结《《002\debug\200》》终结《《002.exe.embed.manifest
i:\c++old\c++所学\类中成员\200》》终结《《002\200》》终结《《002\debug\200》》终结《《002.exe.intermediate.manifest
i:\c++old\c++所学\类中成员\200》》终结《《002\200》》终结《《002\debug\200》》终结《《002.exe.embed.manifest.res
i:\c++old\c++所学\类中成员\200》》终结《《002\200》》终结《《002\debug\vc100.idb
i:\c++old\c++所学\类中成员\200》》终结《《002\200》》终结《《002\debug\vc90.idb
i:\c++old\c++所学\类中成员\200》》终结《《002\200》》终结《《002\debug\vc100.pdb
i:\c++old\c++所学\类中成员\200》》终结《《002\200》》终结《《002\debug\vc90.pdb
i:\c++old\c++所学\类中成员\200》》终结《《002\200》》终结《《002\debug\200》》终结《《002_manifest.rc
i:\c++old\c++所学\类中成员\200》》终结《《002\debug\200》》终结《《002.pdb
i:\c++old\c++所学\类中成员\200》》终结《《002\200》》终结《《002\debug\200》》终结《《002.tlog\cl.command.1.tlog
i:\c++old\c++所学\类中成员\200》》终结《《002\200》》终结《《002\debug\200》》终结《《002.tlog\cl.read.1.tlog
i:\c++old\c++所学\类中成员\200》》终结《《002\200》》终结《《002\debug\200》》终结《《002.tlog\cl.write.1.tlog
i:\c++old\c++所学\类中成员\200》》终结《《002\200》》终结《《002\debug\200》》终结《《002.tlog\link-cvtres.read.1.tlog
i:\c++old\c++所学\类中成员\200》》终结《《002\200》》终结《《002\debug\200》》终结《《002.tlog\link-cvtres.write.1.tlog
i:\c++old\c++所学\类中成员\200》》终结《《002\200》》终结《《002\debug\200》》终结《《002.tlog\link-rc.read.1.tlog
i:\c++old\c++所学\类中成员\200》》终结《《002\200》》终结《《002\debug\200》》终结《《002.tlog\link-rc.write.1.tlog
i:\c++old\c++所学\类中成员\200》》终结《《002\200》》终结《《002\debug\200》》终结《《002.tlog\link.command.1.tlog
i:\c++old\c++所学\类中成员\200》》终结《《002\200》》终结《《002\debug\200》》终结《《002.tlog\link.read.1.tlog
i:\c++old\c++所学\类中成员\200》》终结《《002\200》》终结《《002\debug\200》》终结《《002.tlog\link.write.1.tlog
